Krista.FM.Common Warning: 0 : Loading resources Krista.FM.Client.Common.Resources.en-US: NOT FOUND
Krista.FM.Client.Workplace Information: 0 : InitializeWorkplace...
Krista.FM.Client.Workplace Information: 0 : Запрос параметров подключения к серверу
Krista.FM.Client.Workplace Information: 0 : Подключение успешно
Krista.FM.Client.Workplace Information: 0 : Загрузка элементов интерфейса...
    Krista.FM.Client.Workplace Information: 0 : Построение списка объектов
    Krista.FM.Client.Workplace Information: 0 : Загрузка Krista.FM.Client.ViewObjects.AdministrationUI.AdministrationNavigation
    Krista.FM.Client.Workplace Information: 0 : Загрузка Krista.FM.Client.ViewObjects.MDObjectsManagementUI.MDObjectsManagementNavigation
    Krista.FM.Client.Workplace Information: 0 : Загрузка Krista.FM.Client.ViewObjects.ProtocolsUI.ProtocolsNavigation
    Krista.FM.Client.Workplace Information: 0 : Загрузка Krista.FM.Client.ViewObjects.DataPumpUI.DataPumpNavigation
    Krista.FM.Client.Workplace Information: 0 : Загрузка Krista.FM.Client.ViewObjects.DataSourcesUI.DataSourcesNavigation
    Krista.FM.Client.Workplace Information: 0 : Загрузка Krista.FM.Client.ViewObjects.DisintRulesUI.DisintRulesNavigation
    Krista.FM.Client.Workplace Information: 0 : Загрузка Krista.FM.Client.ViewObjects.TasksUI.TasksNavigation
    Krista.FM.Client.Workplace Information: 0 : Загрузка Krista.FM.Client.ViewObjects.GlobalConstsUI.GlobalConstsNavigation
    Krista.FM.Client.Workplace Information: 0 : Загрузка Krista.FM.Client.ViewObjects.TemplatesUI.TemplatesNavigation
    Krista.FM.Client.Workplace Information: 0 : Загрузка Krista.FM.Client.ViewObjects.FinSourcePlanningUI.FinSourcePlanningNavigation
    Krista.FM.Common Warning: 0 : Loading resources Krista.FM.Client.ViewObjects.FinSourcePlanningUI.Resources.en-US: NOT FOUND
    Krista.FM.Common Warning: 0 : Loading resources Krista.FM.Client.ViewObjects.FinSourcePlanningUI.Resources.en-US: NOT FOUND
    Krista.FM.Client.Workplace Information: 0 : Загрузка Krista.FM.Client.ViewObjects.AssociatedCLSUI.Navigation.EntityNavigationControl
    Krista.FM.Common Warning: 0 : Loading resources Krista.FM.Client.ViewObjects.AssociatedCLSUI.Resources.en-US: NOT FOUND
    Krista.FM.Client.Workplace Information: 0 : Загрузка Krista.FM.Client.ViewObjects.ForecastUI.ForecastNavigation
    Krista.FM.Common Warning: 0 : Loading resources Krista.FM.Client.ViewObjects.ForecastUI.Resources.en-US: NOT FOUND
    Krista.FM.Common Warning: 0 : Loading resources Krista.FM.Client.ViewObjects.ForecastUI.Resources.en-US: NOT FOUND
    Krista.FM.Client.Workplace Information: 0 : Загрузка Krista.FM.Client.ViewObjects.FinSourceDebtorBookUI.DebtBookNavigation
    Krista.FM.Client.Workplace Information: 0 : Загрузка Krista.FM.Client.ViewObjects.ConsBudgetForecastUI.ConsBudgetForecastNavigation
    Krista.FM.Client.Workplace Information: 0 : Загрузка Krista.FM.Client.ViewObjects.ReportsUI.Gui.ReportsNavigation
    Krista.FM.Client.Workplace Information: 0 : Загрузка Krista.FM.Client.ViewObjects.MessagesUI.MessageManagementNavigation
Krista.FM.Client.Workplace Information: 0 : Загрузка элементов интерфейса завершена
Krista.FM.Client.Workplace Verbose: 0 : Attach WorkplaceLayout
Krista.FM.Client.Workplace Information: 0 : Workplace started
Krista.FM.Client.Workplace Verbose: 0 : Workplace.Workplace_Load
Krista.FM.Client.Workplace Verbose: 0 : Созранение настроек для объекта ???
Krista.FM.Client.Workplace Verbose: 0 : Загрузка настроек для объекта ???
Krista.FM.Client.Workplace Verbose: 0 : Загрузка настроек для объекта 089115e3-b57d-4c8c-9eab-60e27c591b6d
Krista.FM.Client.Workplace Verbose: 0 : Созранение настроек для объекта 089115e3-b57d-4c8c-9eab-60e27c591b6d
Krista.FM.Client.Workplace Verbose: 0 : Созранение настроек для объекта 089115e3-b57d-4c8c-9eab-60e27c591b6d
Krista.FM.Client.Workplace Verbose: 0 : Созранение настроек для объекта ???
Krista.FM.Client.Workplace Verbose: 0 : Созранение настроек для объекта ???
Krista.FM.Client.Workplace Verbose: 0 : Созранение настроек для объекта ???
Krista.FM.Client.Workplace Verbose: 0 : Созранение настроек для объекта ???
Krista.FM.Client.Workplace Verbose: 0 : Созранение настроек для объекта ???
Krista.FM.Client.Workplace Verbose: 0 : Загрузка настроек для объекта ???
Krista.FM.Client.Workplace Verbose: 0 : Загрузка настроек для объекта 34afe5ce-8e8c-4fea-8fe5-7bc9cee6a4b1
Krista.FM.Client.Workplace Verbose: 0 : Созранение настроек для объекта 089115e3-b57d-4c8c-9eab-60e27c591b6d
Krista.FM.Client.Workplace Verbose: 0 : Загрузка настроек для объекта 089115e3-b57d-4c8c-9eab-60e27c591b6d
Krista.FM.Client.Workplace Verbose: 0 : Созранение настроек для объекта 34afe5ce-8e8c-4fea-8fe5-7bc9cee6a4b1
Krista.FM.Client.Workplace Verbose: 0 : Созранение настроек для объекта 34afe5ce-8e8c-4fea-8fe5-7bc9cee6a4b1
Krista.FM.Client.Workplace Verbose: 0 : Загрузка настроек для объекта ???
Krista.FM.Client.Workplace Verbose: 0 : Загрузка настроек для объекта 568b3197-760f-4ab1-9b05-e3359db1fa86
Krista.FM.Client.Workplace Verbose: 0 : Созранение настроек для объекта 568b3197-760f-4ab1-9b05-e3359db1fa86
Krista.FM.Client.Workplace Verbose: 0 : Созранение настроек для объекта 568b3197-760f-4ab1-9b05-e3359db1fa86
Krista.FM.Client.Workplace Verbose: 0 : Загрузка настроек для объекта 77373201-9a3a-471b-b0f1-2570a4bb1050
Krista.FM.Client.Workplace Verbose: 0 : Созранение настроек для объекта 77373201-9a3a-471b-b0f1-2570a4bb1050
Krista.FM.Client.Workplace Verbose: 0 : Созранение настроек для объекта 77373201-9a3a-471b-b0f1-2570a4bb1050
Krista.FM.Client.Workplace Verbose: 0 : Созранение настроек для объекта ???
Krista.FM.Client.Workplace Verbose: 0 : Загрузка настроек для объекта 0414c57c-93bf-493b-8f64-c245203ab7cd
Krista.FM.Client.Workplace Verbose: 0 : Созранение настроек для объекта 0414c57c-93bf-493b-8f64-c245203ab7cd
Krista.FM.Client.Workplace Verbose: 0 : Созранение настроек для объекта 0414c57c-93bf-493b-8f64-c245203ab7cd
Krista.FM.Client.Workplace Verbose: 0 : Загрузка настроек для объекта 70be332f-acb1-438b-8cb5-d070fcfe4d83
Krista.FM.Client.Workplace Verbose: 0 : Загрузка настроек для объекта 34afe5ce-8e8c-4fea-8fe5-7bc9cee6a4b1
Krista.FM.Client.Workplace Verbose: 0 : Загрузка настроек для объекта 568b3197-760f-4ab1-9b05-e3359db1fa86
Krista.FM.Client.Workplace Verbose: 0 : Загрузка настроек для объекта 9c6e7a8d-bbca-4f48-8c37-bbcd416d587c
Krista.FM.Client.Workplace Verbose: 0 : Загрузка настроек для объекта 019230a4-efda-4017-9144-aeb18c16a71a
Krista.FM.Client.Workplace Verbose: 0 : Созранение настроек для объекта 34afe5ce-8e8c-4fea-8fe5-7bc9cee6a4b1
Krista.FM.Client.Workplace Verbose: 0 : Созранение настроек для объекта 34afe5ce-8e8c-4fea-8fe5-7bc9cee6a4b1
Krista.FM.Client.Workplace Verbose: 0 : Созранение настроек для объекта 9c6e7a8d-bbca-4f48-8c37-bbcd416d587c
Krista.FM.Client.Workplace Verbose: 0 : Загрузка настроек для объекта 9c6e7a8d-bbca-4f48-8c37-bbcd416d587c
Krista.FM.Client.Workplace Verbose: 0 : Созранение настроек для объекта 70be332f-acb1-438b-8cb5-d070fcfe4d83
Krista.FM.Client.Workplace Verbose: 0 : Загрузка настроек для объекта 70be332f-acb1-438b-8cb5-d070fcfe4d83
Krista.FM.Client.Workplace Verbose: 0 : Созранение настроек для объекта 70be332f-acb1-438b-8cb5-d070fcfe4d83
Krista.FM.Client.Workplace Verbose: 0 : Созранение настроек для объекта 70be332f-acb1-438b-8cb5-d070fcfe4d83
Krista.FM.Client.Workplace Verbose: 0 : Загрузка настроек для объекта 70be332f-acb1-438b-8cb5-d070fcfe4d83
Krista.FM.Client.Workplace Verbose: 0 : Созранение настроек для объекта 70be332f-acb1-438b-8cb5-d070fcfe4d83
Krista.FM.Client.Workplace Verbose: 0 : Загрузка настроек для объекта 70be332f-acb1-438b-8cb5-d070fcfe4d83
Krista.FM.Client.Workplace Verbose: 0 : Загрузка настроек для объекта 34afe5ce-8e8c-4fea-8fe5-7bc9cee6a4b1
Krista.FM.Client.Workplace Verbose: 0 : Созранение настроек для объекта 34afe5ce-8e8c-4fea-8fe5-7bc9cee6a4b1
Krista.FM.Client.Workplace Verbose: 0 : Загрузка настроек для объекта 34afe5ce-8e8c-4fea-8fe5-7bc9cee6a4b1
Krista.FM.Client.Workplace Verbose: 0 : Созранение настроек для объекта 34afe5ce-8e8c-4fea-8fe5-7bc9cee6a4b1
Krista.FM.Client.Workplace Verbose: 0 : Созранение настроек для объекта 34afe5ce-8e8c-4fea-8fe5-7bc9cee6a4b1
Krista.FM.Client.Workplace Verbose: 0 : Созранение настроек для объекта ???
Krista.FM.Client.Workplace Verbose: 0 : Загрузка настроек для объекта f4c6d82e-97bd-4cb0-b0fe-a3b323ac2095
Krista.FM.Client.Workplace Verbose: 0 : Созранение настроек для объекта f4c6d82e-97bd-4cb0-b0fe-a3b323ac2095
Krista.FM.Client.Workplace Verbose: 0 : Загрузка настроек для объекта f4c6d82e-97bd-4cb0-b0fe-a3b323ac2095
Krista.FM.Client.Workplace Verbose: 0 : Созранение настроек для объекта f4c6d82e-97bd-4cb0-b0fe-a3b323ac2095
Krista.FM.Client.Workplace Verbose: 0 : Созранение настроек для объекта f4c6d82e-97bd-4cb0-b0fe-a3b323ac2095
Krista.FM.Client.Workplace Verbose: 0 : Загрузка настроек для объекта 0414c57c-93bf-493b-8f64-c245203ab7cd
Krista.FM.Client.Workplace Verbose: 0 : Созранение настроек для объекта 0414c57c-93bf-493b-8f64-c245203ab7cd
Krista.FM.Client.Workplace Verbose: 0 : Созранение настроек для объекта 0414c57c-93bf-493b-8f64-c245203ab7cd
Krista.FM.Client.Workplace Verbose: 0 : Загрузка настроек для объекта 5e89ca1c-f287-414d-b216-0e7d14369079
Krista.FM.Client.Workplace Verbose: 0 : Созранение настроек для объекта 5e89ca1c-f287-414d-b216-0e7d14369079
Krista.FM.Client.Workplace Verbose: 0 : Созранение настроек для объекта 5e89ca1c-f287-414d-b216-0e7d14369079
Krista.FM.Client.Workplace Verbose: 0 : Созранение настроек для объекта ???
Krista.FM.Client.Workplace Verbose: 0 : Созранение настроек для объекта ???
Krista.FM.Client.Workplace Verbose: 0 : Созранение настроек для объекта ???
Krista.FM.Client.Workplace Verbose: 0 : Созранение настроек для объекта ???
Krista.FM.Client.Workplace Verbose: 0 : Созранение настроек для объекта ???
Krista.FM.Client.Workplace Verbose: 0 : Созранение настроек для объекта 568b3197-760f-4ab1-9b05-e3359db1fa86
Krista.FM.Client.Workplace Verbose: 0 : Созранение настроек для объекта 568b3197-760f-4ab1-9b05-e3359db1fa86
Krista.FM.Client.Workplace Verbose: 0 : Созранение настроек для объекта 9c6e7a8d-bbca-4f48-8c37-bbcd416d587c
Krista.FM.Client.Workplace Verbose: 0 : Созранение настроек для объекта 9c6e7a8d-bbca-4f48-8c37-bbcd416d587c
Krista.FM.Client.Workplace Verbose: 0 : Созранение настроек для объекта 019230a4-efda-4017-9144-aeb18c16a71a
Krista.FM.Client.Workplace Verbose: 0 : Созранение настроек для объекта 019230a4-efda-4017-9144-aeb18c16a71a
Krista.FM.Client.Workplace Verbose: 0 : Созранение настроек для объекта 70be332f-acb1-438b-8cb5-d070fcfe4d83
Krista.FM.Client.Workplace Verbose: 0 : Созранение настроек для объекта 70be332f-acb1-438b-8cb5-d070fcfe4d83
Krista.FM.Client.Workplace Verbose: 0 : Workplace.OnClosing
    Krista.FM.Client.Workplace Verbose: 0 : Workplace.Workplace_Closing
Krista.FM.Client.Workplace Verbose: 0 : Workplace.Workplace_FormClosing
Krista.FM.Client.Workplace Verbose: 0 : Workplace.Workplace_FormClosed
Krista.FM.Client.Workplace Verbose: 0 : Workplace.Dispose
    Krista.FM.Client.Workplace Information: 0 : Отключение от сервера
        Krista.FM.Common Verbose: 0 : Клиентская сессия vusb1c45mlupnw550yko5oqs уничтожена.
