Krista.FM.Common Warning: 0 : Loading resources Krista.FM.Client.Common.Resources.en-US: NOT FOUND
Krista.FM.Client.Workplace Information: 0 : InitializeWorkplace...
Krista.FM.Client.Workplace Information: 0 : Запрос параметров подключения к серверу
Krista.FM.Client.Workplace Information: 0 : Подключение успешно
Krista.FM.Client.Workplace Information: 0 : Загрузка элементов интерфейса...
    Krista.FM.Client.Workplace Information: 0 : Построение списка объектов
    Krista.FM.Client.Workplace Information: 0 : Загрузка Krista.FM.Client.ViewObjects.AdministrationUI.AdministrationNavigation
    Krista.FM.Client.Workplace Information: 0 : Загрузка Krista.FM.Client.ViewObjects.MDObjectsManagementUI.MDObjectsManagementNavigation
    Krista.FM.Client.Workplace Information: 0 : Загрузка Krista.FM.Client.ViewObjects.ProtocolsUI.ProtocolsNavigation
    Krista.FM.Client.Workplace Information: 0 : Загрузка Krista.FM.Client.ViewObjects.DataPumpUI.DataPumpNavigation
    Krista.FM.Client.Workplace Information: 0 : Загрузка Krista.FM.Client.ViewObjects.DataSourcesUI.DataSourcesNavigation
    Krista.FM.Client.Workplace Information: 0 : Загрузка Krista.FM.Client.ViewObjects.DisintRulesUI.DisintRulesNavigation
    Krista.FM.Client.Workplace Information: 0 : Загрузка Krista.FM.Client.ViewObjects.TasksUI.TasksNavigation
    Krista.FM.Client.Workplace Information: 0 : Загрузка Krista.FM.Client.ViewObjects.GlobalConstsUI.GlobalConstsNavigation
    Krista.FM.Client.Workplace Information: 0 : Загрузка Krista.FM.Client.ViewObjects.TemplatesUI.TemplatesNavigation
    Krista.FM.Client.Workplace Information: 0 : Загрузка Krista.FM.Client.ViewObjects.FinSourcePlanningUI.FinSourcePlanningNavigation
    Krista.FM.Common Warning: 0 : Loading resources Krista.FM.Client.ViewObjects.FinSourcePlanningUI.Resources.en-US: NOT FOUND
    Krista.FM.Common Warning: 0 : Loading resources Krista.FM.Client.ViewObjects.FinSourcePlanningUI.Resources.en-US: NOT FOUND
    Krista.FM.Client.Workplace Information: 0 : Загрузка Krista.FM.Client.ViewObjects.AssociatedCLSUI.Navigation.EntityNavigationControl
    Krista.FM.Common Warning: 0 : Loading resources Krista.FM.Client.ViewObjects.AssociatedCLSUI.Resources.en-US: NOT FOUND
    Krista.FM.Client.Workplace Information: 0 : Загрузка Krista.FM.Client.ViewObjects.ForecastUI.ForecastNavigation
    Krista.FM.Common Warning: 0 : Loading resources Krista.FM.Client.ViewObjects.ForecastUI.Resources.en-US: NOT FOUND
    Krista.FM.Common Warning: 0 : Loading resources Krista.FM.Client.ViewObjects.ForecastUI.Resources.en-US: NOT FOUND
    Krista.FM.Client.Workplace Information: 0 : Загрузка Krista.FM.Client.ViewObjects.FinSourceDebtorBookUI.DebtBookNavigation
    Krista.FM.Client.Workplace Information: 0 : Загрузка Krista.FM.Client.ViewObjects.ConsBudgetForecastUI.ConsBudgetForecastNavigation
    Krista.FM.Client.Workplace Information: 0 : Загрузка Krista.FM.Client.ViewObjects.MessagesUI.MessageManagementNavigation
Krista.FM.Client.Workplace Information: 0 : Загрузка элементов интерфейса завершена
Krista.FM.Client.Workplace Verbose: 0 : Attach WorkplaceLayout
Krista.FM.Client.Workplace Information: 0 : Workplace started
Krista.FM.Client.Workplace Verbose: 0 : Workplace.Workplace_Load
Krista.FM.Client.Workplace Verbose: 0 : Загрузка настроек для объекта ???
Krista.FM.Client.Workplace Verbose: 0 : Загрузка настроек для объекта 7e260d82-8087-4096-ac9d-01c25ae897b9
Krista.FM.Client.Workplace Verbose: 0 : Созранение настроек для объекта 7e260d82-8087-4096-ac9d-01c25ae897b9
Krista.FM.Client.Workplace Verbose: 0 : Загрузка настроек для объекта 7e260d82-8087-4096-ac9d-01c25ae897b9
Krista.FM.Client.Workplace Verbose: 0 : Созранение настроек для объекта 7e260d82-8087-4096-ac9d-01c25ae897b9
Krista.FM.Client.Workplace Verbose: 0 : Созранение настроек для объекта 7e260d82-8087-4096-ac9d-01c25ae897b9
Krista.FM.Client.Workplace Verbose: 0 : Загрузка настроек для объекта e91ed003-d49f-4a62-837c-bbbc0b3f0831
Krista.FM.Client.Workplace Verbose: 0 : Созранение настроек для объекта e91ed003-d49f-4a62-837c-bbbc0b3f0831
Krista.FM.Client.Workplace Verbose: 0 : Загрузка настроек для объекта e91ed003-d49f-4a62-837c-bbbc0b3f0831
Krista.FM.Client.Workplace Verbose: 0 : Созранение настроек для объекта e91ed003-d49f-4a62-837c-bbbc0b3f0831
Krista.FM.Client.Workplace Verbose: 0 : Созранение настроек для объекта e91ed003-d49f-4a62-837c-bbbc0b3f0831
Krista.FM.Client.Workplace Verbose: 0 : Загрузка настроек для объекта 26d1818e-0b3c-4fc7-ace8-8ca0b5d38bc9
Krista.FM.Client.Workplace Verbose: 0 : Загрузка настроек для объекта 1b3bb61a-72ea-45a9-9c1b-859716d780bd
Krista.FM.Client.Workplace Verbose: 0 : Загрузка настроек для объекта 7e260d82-8087-4096-ac9d-01c25ae897b9
Krista.FM.Client.Workplace Verbose: 0 : Созранение настроек для объекта 7e260d82-8087-4096-ac9d-01c25ae897b9
Krista.FM.Client.Workplace Verbose: 0 : Созранение настроек для объекта 7e260d82-8087-4096-ac9d-01c25ae897b9
Krista.FM.Client.Workplace Verbose: 0 : Загрузка настроек для объекта ???
Krista.FM.Client.Workplace Verbose: 0 : Загрузка настроек для объекта 0672f61b-575a-493b-bdd3-89a007d74f70
Krista.FM.Client.Workplace Verbose: 0 : Созранение настроек для объекта 0672f61b-575a-493b-bdd3-89a007d74f70
Krista.FM.Client.Workplace Verbose: 0 : Загрузка настроек для объекта 0672f61b-575a-493b-bdd3-89a007d74f70
Krista.FM.Client.Workplace Verbose: 0 : Созранение настроек для объекта 0672f61b-575a-493b-bdd3-89a007d74f70
Krista.FM.Client.Workplace Verbose: 0 : Созранение настроек для объекта 0672f61b-575a-493b-bdd3-89a007d74f70
Krista.FM.Client.Workplace Verbose: 0 : Workplace.Workplace_FormClosing
Krista.FM.Client.Workplace Verbose: 0 : Workplace.Workplace_FormClosed
Krista.FM.Client.Workplace Verbose: 0 : Workplace.Dispose
    Krista.FM.Client.Workplace Information: 0 : Отключение от сервера
        Krista.FM.Common Verbose: 0 : Клиентская сессия pm5wkxmvqlwlifuoopoo1r45 уничтожена.
    Krista.FM.Client.Workplace Verbose: 0 : Workplace.Dispose
