Krista.FM.Common Warning: 0 : Loading resources Krista.FM.Client.Common.Resources.en-US: NOT FOUND
Krista.FM.Client.Workplace Information: 0 : InitializeWorkplace...
Krista.FM.Client.Workplace Information: 0 : Запрос параметров подключения к серверу
Krista.FM.Client.Workplace Information: 0 : Подключение успешно
Krista.FM.Client.Workplace Information: 0 : Загрузка элементов интерфейса...
    Krista.FM.Client.Workplace Information: 0 : Построение списка объектов
    Krista.FM.Client.Workplace Information: 0 : Загрузка Krista.FM.Client.ViewObjects.AdministrationUI.AdministrationNavigation
    Krista.FM.Client.Workplace Information: 0 : Загрузка Krista.FM.Client.ViewObjects.MDObjectsManagementUI.MDObjectsManagementNavigation
    Krista.FM.Client.Workplace Information: 0 : Загрузка Krista.FM.Client.ViewObjects.ProtocolsUI.ProtocolsNavigation
    Krista.FM.Client.Workplace Information: 0 : Загрузка Krista.FM.Client.ViewObjects.DataPumpUI.DataPumpNavigation
    Krista.FM.Client.Workplace Information: 0 : Загрузка Krista.FM.Client.ViewObjects.DataSourcesUI.DataSourcesNavigation
    Krista.FM.Client.Workplace Information: 0 : Загрузка Krista.FM.Client.ViewObjects.DisintRulesUI.DisintRulesNavigation
    Krista.FM.Client.Workplace Information: 0 : Загрузка Krista.FM.Client.ViewObjects.TasksUI.TasksNavigation
    Krista.FM.Client.Workplace Information: 0 : Загрузка Krista.FM.Client.ViewObjects.GlobalConstsUI.GlobalConstsNavigation
    Krista.FM.Client.Workplace Information: 0 : Загрузка Krista.FM.Client.ViewObjects.TemplatesUI.TemplatesNavigation
    Krista.FM.Client.Workplace Information: 0 : Загрузка Krista.FM.Client.ViewObjects.FinSourcePlanningUI.FinSourcePlanningNavigation
    Krista.FM.Common Warning: 0 : Loading resources Krista.FM.Client.ViewObjects.FinSourcePlanningUI.Resources.en-US: NOT FOUND
    Krista.FM.Common Warning: 0 : Loading resources Krista.FM.Client.ViewObjects.FinSourcePlanningUI.Resources.en-US: NOT FOUND
    Krista.FM.Client.Workplace Information: 0 : Загрузка Krista.FM.Client.ViewObjects.AssociatedCLSUI.Navigation.EntityNavigationControl
    Krista.FM.Common Warning: 0 : Loading resources Krista.FM.Client.ViewObjects.AssociatedCLSUI.Resources.en-US: NOT FOUND
    Krista.FM.Client.Workplace Information: 0 : Загрузка Krista.FM.Client.ViewObjects.ForecastUI.ForecastNavigation
    Krista.FM.Common Warning: 0 : Loading resources Krista.FM.Client.ViewObjects.ForecastUI.Resources.en-US: NOT FOUND
    Krista.FM.Common Warning: 0 : Loading resources Krista.FM.Client.ViewObjects.ForecastUI.Resources.en-US: NOT FOUND
    Krista.FM.Client.Workplace Information: 0 : Загрузка Krista.FM.Client.ViewObjects.FinSourceDebtorBookUI.DebtBookNavigation
    Krista.FM.Client.Workplace Information: 0 : Загрузка Krista.FM.Client.ViewObjects.ConsBudgetForecastUI.ConsBudgetForecastNavigation
    Krista.FM.Client.Workplace Information: 0 : Загрузка Krista.FM.Client.ViewObjects.ReportsUI.Gui.ReportsNavigation
    Krista.FM.Client.Workplace Information: 0 : Загрузка Krista.FM.Client.ViewObjects.MessagesUI.MessageManagementNavigation
Krista.FM.Client.Workplace Information: 0 : Загрузка элементов интерфейса завершена
Krista.FM.Client.Workplace Verbose: 0 : Attach WorkplaceLayout
Krista.FM.Client.Workplace Information: 0 : Workplace started
Krista.FM.Client.Workplace Verbose: 0 : Workplace.Workplace_Load
Krista.FM.Client.Workplace Verbose: 0 : Загрузка настроек для объекта ???
Krista.FM.Client.Workplace Verbose: 0 : Загрузка настроек для объекта 77373201-9a3a-471b-b0f1-2570a4bb1050
Krista.FM.Client.Workplace Verbose: 0 : Созранение настроек для объекта 77373201-9a3a-471b-b0f1-2570a4bb1050
Krista.FM.Client.Workplace Verbose: 0 : Созранение настроек для объекта 77373201-9a3a-471b-b0f1-2570a4bb1050
Krista.FM.Client.Workplace Verbose: 0 : Созранение настроек для объекта ???
Krista.FM.Client.Workplace Verbose: 0 : Загрузка настроек для объекта 568b3197-760f-4ab1-9b05-e3359db1fa86
Krista.FM.Client.Workplace Verbose: 0 : Созранение настроек для объекта 568b3197-760f-4ab1-9b05-e3359db1fa86
Krista.FM.Client.Workplace Verbose: 0 : Созранение настроек для объекта 568b3197-760f-4ab1-9b05-e3359db1fa86
Krista.FM.Client.Workplace Verbose: 0 : Созранение настроек для объекта ???
Krista.FM.Client.Workplace Verbose: 0 : Созранение настроек для объекта ???
Krista.FM.Client.Workplace Verbose: 0 : Загрузка настроек для объекта 1b3bb61a-72ea-45a9-9c1b-859716d780bd
Krista.FM.Client.Workplace Verbose: 0 : Загрузка настроек для объекта ???
Krista.FM.Client.Workplace Verbose: 0 : Загрузка настроек для объекта a111b160-0e5b-4d06-a20d-d97d2091eb3c
Krista.FM.Client.Workplace Verbose: 0 : Созранение настроек для объекта a111b160-0e5b-4d06-a20d-d97d2091eb3c
Krista.FM.Client.Workplace Verbose: 0 : Созранение настроек для объекта a111b160-0e5b-4d06-a20d-d97d2091eb3c
Krista.FM.Client.Workplace Verbose: 0 : Созранение настроек для объекта ???
Krista.FM.Client.Workplace Verbose: 0 : Созранение настроек для объекта 1b3bb61a-72ea-45a9-9c1b-859716d780bd
Krista.FM.Client.Workplace Verbose: 0 : Загрузка настроек для объекта 1b3bb61a-72ea-45a9-9c1b-859716d780bd
Krista.FM.Client.Workplace Verbose: 0 : Созранение настроек для объекта 1b3bb61a-72ea-45a9-9c1b-859716d780bd
Krista.FM.Client.Workplace Verbose: 0 : Созранение настроек для объекта 1b3bb61a-72ea-45a9-9c1b-859716d780bd
Krista.FM.Client.Workplace Verbose: 0 : Загрузка настроек для объекта c92bd15a-3cb3-4024-8619-2ecb2078a58e
Krista.FM.Client.Workplace Verbose: 0 : Созранение настроек для объекта c92bd15a-3cb3-4024-8619-2ecb2078a58e
Krista.FM.Client.Workplace Verbose: 0 : Созранение настроек для объекта c92bd15a-3cb3-4024-8619-2ecb2078a58e
Krista.FM.Client.Workplace Verbose: 0 : Загрузка настроек для объекта 70be332f-acb1-438b-8cb5-d070fcfe4d83
Krista.FM.Client.Workplace Verbose: 0 : Загрузка настроек для объекта ???
Krista.FM.Client.Workplace Verbose: 0 : Загрузка настроек для объекта b77e2439-cafa-4858-9294-c8651c380af7
Krista.FM.Client.Workplace Verbose: 0 : Созранение настроек для объекта b77e2439-cafa-4858-9294-c8651c380af7
Krista.FM.Client.Workplace Verbose: 0 : Созранение настроек для объекта b77e2439-cafa-4858-9294-c8651c380af7
Krista.FM.Client.Workplace Verbose: 0 : Workplace.Workplace_FormClosing
Krista.FM.Client.Workplace Verbose: 0 : Workplace.Workplace_FormClosed
Krista.FM.Client.Workplace Verbose: 0 : Workplace.Dispose
    Krista.FM.Client.Workplace Information: 0 : Отключение от сервера
        Krista.FM.Common Verbose: 0 : Клиентская сессия 4qzv2vaccjq0lia2ccu4wvab уничтожена.
    Krista.FM.Client.Workplace Verbose: 0 : Workplace.Dispose
