Версия сервера                                                                                                                                                                                                                                                                                              
------------------------------------------------------------------------------------------------------------------------------------------------------------------------------------------------------------------------------------------------------------------------------------------------------------
Microsoft SQL Server 2016 (SP1) (KB3182545) - 13.0.4001.0 (X64) 
	Oct 28 2016 18:17:30 
	Copyright (c) Microsoft Corporation
	Express Edition (64-bit) on Windows 8 Enterprise 6.2 <X64> (Build 9200: )
                                                                                                    

(обработано строк: 1)
Имя сервера                                                                                                                     
--------------------------------------------------------------------------------------------------------------------------------
SHELPANOV\SQLEXPRESS01                                                                                                          

(обработано строк: 1)
Sqlcmd: установлено соединение с сервером "SHELPANOV\SQLEXPRESS01".
Подключение к БД
Контекст базы данных изменен на "demo".
Sqlcmd: установлено соединение с сервером "SHELPANOV\SQLEXPRESS01".
Начало выполнения скриптов...
Контекст базы данных изменен на "master".
Контекст базы данных изменен на "demoAudit".
Контекст базы данных изменен на "demo".
Завершение выполнения скриптов
